[2024-06-20 18:52:07] production.ERROR: There are no commands defined in the "install" namespace. {"exception":"[object] (Symfony\\Component\\Console\\Exception\\NamespaceNotFoundException(code: 0): There are no commands defined in the \"install\" namespace. at /home/victor1val/php-laravel-docker/vendor/symfony/console/Application.php:669)
[stacktrace]
#0 /home/victor1val/php-laravel-docker/vendor/symfony/console/Application.php(720): Symfony\\Component\\Console\\Application->findNamespace()
#1 /home/victor1val/php-laravel-docker/vendor/symfony/console/Application.php(266): Symfony\\Component\\Console\\Application->find()
#2 /home/victor1val/php-laravel-docker/vendor/symfony/console/Application.php(175): Symfony\\Component\\Console\\Application->doRun()
#3 /home/victor1val/php-laravel-docker/vendor/laravel/framework/src/Illuminate/Foundation/Console/Kernel.php(201): Symfony\\Component\\Console\\Application->run()
#4 /home/victor1val/php-laravel-docker/artisan(37): Illuminate\\Foundation\\Console\\Kernel->handle()
#5 {main}
"} 
[2024-06-20 18:52:19] production.ERROR: Command "install" is not defined.

Did you mean one of these?
    horizon:install
    migrate:install
    sail:install {"exception":"[object] (Symfony\\Component\\Console\\Exception\\CommandNotFoundException(code: 0): Command \"install\" is not defined.

Did you mean one of these?
    horizon:install
    migrate:install
    sail:install at /home/victor1val/php-laravel-docker/vendor/symfony/console/Application.php:737)
[stacktrace]
#0 /home/victor1val/php-laravel-docker/vendor/symfony/console/Application.php(266): Symfony\\Component\\Console\\Application->find()
#1 /home/victor1val/php-laravel-docker/vendor/symfony/console/Application.php(175): Symfony\\Component\\Console\\Application->doRun()
#2 /home/victor1val/php-laravel-docker/vendor/laravel/framework/src/Illuminate/Foundation/Console/Kernel.php(201): Symfony\\Component\\Console\\Application->run()
#3 /home/victor1val/php-laravel-docker/artisan(37): Illuminate\\Foundation\\Console\\Kernel->handle()
#4 {main}
"} 
[2024-06-20 18:52:30] production.ERROR: SQLSTATE[HY000] [2002] Connection refused (Connection: mysql, SQL: select table_name as `name`, (data_length + index_length) as `size`, table_comment as `comment`, engine as `engine`, table_collation as `collation` from information_schema.tables where table_schema = 'forge' and table_type in ('BASE TABLE', 'SYSTEM VERSIONED') order by table_name) {"exception":"[object] (Illuminate\\Database\\QueryException(code: 2002): SQLSTATE[HY000] [2002] Connection refused (Connection: mysql, SQL: select table_name as `name`, (data_length + index_length) as `size`, table_comment as `comment`, engine as `engine`, table_collation as `collation` from information_schema.tables where table_schema = 'forge' and table_type in ('BASE TABLE', 'SYSTEM VERSIONED') order by table_name) at /home/victor1val/php-laravel-docker/vendor/laravel/framework/src/Illuminate/Database/Connection.php:829)
[stacktrace]
#0 /home/victor1val/php-laravel-docker/vendor/laravel/framework/src/Illuminate/Database/Connection.php(983): Illuminate\\Database\\Connection->runQueryCallback()
#1 /home/victor1val/php-laravel-docker/vendor/laravel/framework/src/Illuminate/Database/Connection.php(963): Illuminate\\Database\\Connection->tryAgainIfCausedByLostConnection()
#2 /home/victor1val/php-laravel-docker/vendor/laravel/framework/src/Illuminate/Database/Connection.php(786): Illuminate\\Database\\Connection->handleQueryException()
#3 /home/victor1val/php-laravel-docker/vendor/laravel/framework/src/Illuminate/Database/Connection.php(431): Illuminate\\Database\\Connection->run()
#4 /home/victor1val/php-laravel-docker/vendor/laravel/framework/src/Illuminate/Database/Connection.php(401): Illuminate\\Database\\Connection->select()
#5 /home/victor1val/php-laravel-docker/vendor/laravel/framework/src/Illuminate/Database/Schema/MySqlBuilder.php(42): Illuminate\\Database\\Connection->selectFromWriteConnection()
#6 /home/victor1val/php-laravel-docker/vendor/laravel/framework/src/Illuminate/Database/Schema/Builder.php(165): Illuminate\\Database\\Schema\\MySqlBuilder->getTables()
#7 /home/victor1val/php-laravel-docker/vendor/laravel/framework/src/Illuminate/Database/Migrations/DatabaseMigrationRepository.php(184): Illuminate\\Database\\Schema\\Builder->hasTable()
#8 /home/victor1val/php-laravel-docker/vendor/laravel/framework/src/Illuminate/Database/Migrations/Migrator.php(700): Illuminate\\Database\\Migrations\\DatabaseMigrationRepository->repositoryExists()
#9 /home/victor1val/php-laravel-docker/vendor/laravel/framework/src/Illuminate/Database/Console/Migrations/MigrateCommand.php(140): Illuminate\\Database\\Migrations\\Migrator->repositoryExists()
#10 /home/victor1val/php-laravel-docker/vendor/laravel/framework/src/Illuminate/Support/helpers.php(248): Illuminate\\Database\\Console\\Migrations\\MigrateCommand->Illuminate\\Database\\Console\\Migrations\\{closure}()
#11 /home/victor1val/php-laravel-docker/vendor/laravel/framework/src/Illuminate/Database/Console/Migrations/MigrateCommand.php(159): retry()
#12 /home/victor1val/php-laravel-docker/vendor/laravel/framework/src/Illuminate/Database/Console/Migrations/MigrateCommand.php(116): Illuminate\\Database\\Console\\Migrations\\MigrateCommand->repositoryExists()
#13 /home/victor1val/php-laravel-docker/vendor/laravel/framework/src/Illuminate/Database/Console/Migrations/MigrateCommand.php(84): Illuminate\\Database\\Console\\Migrations\\MigrateCommand->prepareDatabase()
#14 /home/victor1val/php-laravel-docker/vendor/laravel/framework/src/Illuminate/Database/Migrations/Migrator.php(633): Illuminate\\Database\\Console\\Migrations\\MigrateCommand->Illuminate\\Database\\Console\\Migrations\\{closure}()
#15 /home/victor1val/php-laravel-docker/vendor/laravel/framework/src/Illuminate/Database/Console/Migrations/MigrateCommand.php(104): Illuminate\\Database\\Migrations\\Migrator->usingConnection()
#16 /home/victor1val/php-laravel-docker/vendor/laravel/framework/src/Illuminate/Container/BoundMethod.php(36): Illuminate\\Database\\Console\\Migrations\\MigrateCommand->handle()
#17 /home/victor1val/php-laravel-docker/vendor/laravel/framework/src/Illuminate/Container/Util.php(41): Illuminate\\Container\\BoundMethod::Illuminate\\Container\\{closure}()
#18 /home/victor1val/php-laravel-docker/vendor/laravel/framework/src/Illuminate/Container/BoundMethod.php(93): Illuminate\\Container\\Util::unwrapIfClosure()
#19 /home/victor1val/php-laravel-docker/vendor/laravel/framework/src/Illuminate/Container/BoundMethod.php(37): Illuminate\\Container\\BoundMethod::callBoundMethod()
#20 /home/victor1val/php-laravel-docker/vendor/laravel/framework/src/Illuminate/Container/Container.php(662): Illuminate\\Container\\BoundMethod::call()
#21 /home/victor1val/php-laravel-docker/vendor/laravel/framework/src/Illuminate/Console/Command.php(211): Illuminate\\Container\\Container->call()
#22 /home/victor1val/php-laravel-docker/vendor/symfony/console/Command/Command.php(326): Illuminate\\Console\\Command->execute()
#23 /home/victor1val/php-laravel-docker/vendor/laravel/framework/src/Illuminate/Console/Command.php(181): Symfony\\Component\\Console\\Command\\Command->run()
#24 /home/victor1val/php-laravel-docker/vendor/symfony/console/Application.php(1096): Illuminate\\Console\\Command->run()
#25 /home/victor1val/php-laravel-docker/vendor/symfony/console/Application.php(324): Symfony\\Component\\Console\\Application->doRunCommand()
#26 /home/victor1val/php-laravel-docker/vendor/symfony/console/Application.php(175): Symfony\\Component\\Console\\Application->doRun()
#27 /home/victor1val/php-laravel-docker/vendor/laravel/framework/src/Illuminate/Foundation/Console/Kernel.php(201): Symfony\\Component\\Console\\Application->run()
#28 /home/victor1val/php-laravel-docker/artisan(37): Illuminate\\Foundation\\Console\\Kernel->handle()
#29 {main}

[previous exception] [object] (PDOException(code: 2002): SQLSTATE[HY000] [2002] Connection refused at /home/victor1val/php-laravel-docker/vendor/laravel/framework/src/Illuminate/Database/Connectors/Connector.php:65)
[stacktrace]
#0 /home/victor1val/php-laravel-docker/vendor/laravel/framework/src/Illuminate/Database/Connectors/Connector.php(65): PDO->__construct()
#1 /home/victor1val/php-laravel-docker/vendor/laravel/framework/src/Illuminate/Database/Connectors/Connector.php(83): Illuminate\\Database\\Connectors\\Connector->createPdoConnection()
#2 /home/victor1val/php-laravel-docker/vendor/laravel/framework/src/Illuminate/Database/Connectors/Connector.php(49): Illuminate\\Database\\Connectors\\Connector->tryAgainIfCausedByLostConnection()
#3 /home/victor1val/php-laravel-docker/vendor/laravel/framework/src/Illuminate/Database/Connectors/MySqlConnector.php(24): Illuminate\\Database\\Connectors\\Connector->createConnection()
#4 /home/victor1val/php-laravel-docker/vendor/laravel/framework/src/Illuminate/Database/Connectors/ConnectionFactory.php(184): Illuminate\\Database\\Connectors\\MySqlConnector->connect()
#5 [internal function]: Illuminate\\Database\\Connectors\\ConnectionFactory->Illuminate\\Database\\Connectors\\{closure}()
#6 /home/victor1val/php-laravel-docker/vendor/laravel/framework/src/Illuminate/Database/Connection.php(1339): call_user_func()
#7 /home/victor1val/php-laravel-docker/vendor/laravel/framework/src/Illuminate/Database/Connection.php(528): Illuminate\\Database\\Connection->getPdo()
#8 /home/victor1val/php-laravel-docker/vendor/laravel/framework/src/Illuminate/Database/Connection.php(423): Illuminate\\Database\\Connection->getPdoForSelect()
#9 /home/victor1val/php-laravel-docker/vendor/laravel/framework/src/Illuminate/Database/Connection.php(816): Illuminate\\Database\\Connection->Illuminate\\Database\\{closure}()
#10 /home/victor1val/php-laravel-docker/vendor/laravel/framework/src/Illuminate/Database/Connection.php(983): Illuminate\\Database\\Connection->runQueryCallback()
#11 /home/victor1val/php-laravel-docker/vendor/laravel/framework/src/Illuminate/Database/Connection.php(963): Illuminate\\Database\\Connection->tryAgainIfCausedByLostConnection()
#12 /home/victor1val/php-laravel-docker/vendor/laravel/framework/src/Illuminate/Database/Connection.php(786): Illuminate\\Database\\Connection->handleQueryException()
#13 /home/victor1val/php-laravel-docker/vendor/laravel/framework/src/Illuminate/Database/Connection.php(431): Illuminate\\Database\\Connection->run()
#14 /home/victor1val/php-laravel-docker/vendor/laravel/framework/src/Illuminate/Database/Connection.php(401): Illuminate\\Database\\Connection->select()
#15 /home/victor1val/php-laravel-docker/vendor/laravel/framework/src/Illuminate/Database/Schema/MySqlBuilder.php(42): Illuminate\\Database\\Connection->selectFromWriteConnection()
#16 /home/victor1val/php-laravel-docker/vendor/laravel/framework/src/Illuminate/Database/Schema/Builder.php(165): Illuminate\\Database\\Schema\\MySqlBuilder->getTables()
#17 /home/victor1val/php-laravel-docker/vendor/laravel/framework/src/Illuminate/Database/Migrations/DatabaseMigrationRepository.php(184): Illuminate\\Database\\Schema\\Builder->hasTable()
#18 /home/victor1val/php-laravel-docker/vendor/laravel/framework/src/Illuminate/Database/Migrations/Migrator.php(700): Illuminate\\Database\\Migrations\\DatabaseMigrationRepository->repositoryExists()
#19 /home/victor1val/php-laravel-docker/vendor/laravel/framework/src/Illuminate/Database/Console/Migrations/MigrateCommand.php(140): Illuminate\\Database\\Migrations\\Migrator->repositoryExists()
#20 /home/victor1val/php-laravel-docker/vendor/laravel/framework/src/Illuminate/Support/helpers.php(248): Illuminate\\Database\\Console\\Migrations\\MigrateCommand->Illuminate\\Database\\Console\\Migrations\\{closure}()
#21 /home/victor1val/php-laravel-docker/vendor/laravel/framework/src/Illuminate/Database/Console/Migrations/MigrateCommand.php(159): retry()
#22 /home/victor1val/php-laravel-docker/vendor/laravel/framework/src/Illuminate/Database/Console/Migrations/MigrateCommand.php(116): Illuminate\\Database\\Console\\Migrations\\MigrateCommand->repositoryExists()
#23 /home/victor1val/php-laravel-docker/vendor/laravel/framework/src/Illuminate/Database/Console/Migrations/MigrateCommand.php(84): Illuminate\\Database\\Console\\Migrations\\MigrateCommand->prepareDatabase()
#24 /home/victor1val/php-laravel-docker/vendor/laravel/framework/src/Illuminate/Database/Migrations/Migrator.php(633): Illuminate\\Database\\Console\\Migrations\\MigrateCommand->Illuminate\\Database\\Console\\Migrations\\{closure}()
#25 /home/victor1val/php-laravel-docker/vendor/laravel/framework/src/Illuminate/Database/Console/Migrations/MigrateCommand.php(104): Illuminate\\Database\\Migrations\\Migrator->usingConnection()
#26 /home/victor1val/php-laravel-docker/vendor/laravel/framework/src/Illuminate/Container/BoundMethod.php(36): Illuminate\\Database\\Console\\Migrations\\MigrateCommand->handle()
#27 /home/victor1val/php-laravel-docker/vendor/laravel/framework/src/Illuminate/Container/Util.php(41): Illuminate\\Container\\BoundMethod::Illuminate\\Container\\{closure}()
#28 /home/victor1val/php-laravel-docker/vendor/laravel/framework/src/Illuminate/Container/BoundMethod.php(93): Illuminate\\Container\\Util::unwrapIfClosure()
#29 /home/victor1val/php-laravel-docker/vendor/laravel/framework/src/Illuminate/Container/BoundMethod.php(37): Illuminate\\Container\\BoundMethod::callBoundMethod()
#30 /home/victor1val/php-laravel-docker/vendor/laravel/framework/src/Illuminate/Container/Container.php(662): Illuminate\\Container\\BoundMethod::call()
#31 /home/victor1val/php-laravel-docker/vendor/laravel/framework/src/Illuminate/Console/Command.php(211): Illuminate\\Container\\Container->call()
#32 /home/victor1val/php-laravel-docker/vendor/symfony/console/Command/Command.php(326): Illuminate\\Console\\Command->execute()
#33 /home/victor1val/php-laravel-docker/vendor/laravel/framework/src/Illuminate/Console/Command.php(181): Symfony\\Component\\Console\\Command\\Command->run()
#34 /home/victor1val/php-laravel-docker/vendor/symfony/console/Application.php(1096): Illuminate\\Console\\Command->run()
#35 /home/victor1val/php-laravel-docker/vendor/symfony/console/Application.php(324): Symfony\\Component\\Console\\Application->doRunCommand()
#36 /home/victor1val/php-laravel-docker/vendor/symfony/console/Application.php(175): Symfony\\Component\\Console\\Application->doRun()
#37 /home/victor1val/php-laravel-docker/vendor/laravel/framework/src/Illuminate/Foundation/Console/Kernel.php(201): Symfony\\Component\\Console\\Application->run()
#38 /home/victor1val/php-laravel-docker/artisan(37): Illuminate\\Foundation\\Console\\Kernel->handle()
#39 {main}
"} 
[2024-06-20 18:52:49] production.ERROR: Command "install" is not defined.

Did you mean one of these?
    horizon:install
    migrate:install
    sail:install {"exception":"[object] (Symfony\\Component\\Console\\Exception\\CommandNotFoundException(code: 0): Command \"install\" is not defined.

Did you mean one of these?
    horizon:install
    migrate:install
    sail:install at /home/victor1val/php-laravel-docker/vendor/symfony/console/Application.php:737)
[stacktrace]
#0 /home/victor1val/php-laravel-docker/vendor/symfony/console/Application.php(266): Symfony\\Component\\Console\\Application->find()
#1 /home/victor1val/php-laravel-docker/vendor/symfony/console/Application.php(175): Symfony\\Component\\Console\\Application->doRun()
#2 /home/victor1val/php-laravel-docker/vendor/laravel/framework/src/Illuminate/Foundation/Console/Kernel.php(201): Symfony\\Component\\Console\\Application->run()
#3 /home/victor1val/php-laravel-docker/artisan(37): Illuminate\\Foundation\\Console\\Kernel->handle()
#4 {main}
"} 
[2024-06-20 18:52:51] production.ERROR: There are no commands defined in the "install" namespace. {"exception":"[object] (Symfony\\Component\\Console\\Exception\\NamespaceNotFoundException(code: 0): There are no commands defined in the \"install\" namespace. at /home/victor1val/php-laravel-docker/vendor/symfony/console/Application.php:669)
[stacktrace]
#0 /home/victor1val/php-laravel-docker/vendor/symfony/console/Application.php(720): Symfony\\Component\\Console\\Application->findNamespace()
#1 /home/victor1val/php-laravel-docker/vendor/symfony/console/Application.php(266): Symfony\\Component\\Console\\Application->find()
#2 /home/victor1val/php-laravel-docker/vendor/symfony/console/Application.php(175): Symfony\\Component\\Console\\Application->doRun()
#3 /home/victor1val/php-laravel-docker/vendor/laravel/framework/src/Illuminate/Foundation/Console/Kernel.php(201): Symfony\\Component\\Console\\Application->run()
#4 /home/victor1val/php-laravel-docker/artisan(37): Illuminate\\Foundation\\Console\\Kernel->handle()
#5 {main}
"} 
[2024-06-20 18:53:24] production.ERROR: There are no commands defined in the "install" namespace. {"exception":"[object] (Symfony\\Component\\Console\\Exception\\NamespaceNotFoundException(code: 0): There are no commands defined in the \"install\" namespace. at /home/victor1val/php-laravel-docker/vendor/symfony/console/Application.php:669)
[stacktrace]
#0 /home/victor1val/php-laravel-docker/vendor/symfony/console/Application.php(720): Symfony\\Component\\Console\\Application->findNamespace()
#1 /home/victor1val/php-laravel-docker/vendor/symfony/console/Application.php(266): Symfony\\Component\\Console\\Application->find()
#2 /home/victor1val/php-laravel-docker/vendor/symfony/console/Application.php(175): Symfony\\Component\\Console\\Application->doRun()
#3 /home/victor1val/php-laravel-docker/vendor/laravel/framework/src/Illuminate/Foundation/Console/Kernel.php(201): Symfony\\Component\\Console\\Application->run()
#4 /home/victor1val/php-laravel-docker/artisan(37): Illuminate\\Foundation\\Console\\Kernel->handle()
#5 {main}
"} 
[2024-06-20 18:53:33] production.ERROR: require(/home/victor1val/php-laravel-docker/routes/api.php): Failed to open stream: No such file or directory {"exception":"[object] (ErrorException(code: 0): require(/home/victor1val/php-laravel-docker/routes/api.php): Failed to open stream: No such file or directory at /home/victor1val/php-laravel-docker/vendor/laravel/framework/src/Illuminate/Routing/RouteFileRegistrar.php:35)
[stacktrace]
#0 /home/victor1val/php-laravel-docker/vendor/laravel/framework/src/Illuminate/Foundation/Bootstrap/HandleExceptions.php(255): Illuminate\\Foundation\\Bootstrap\\HandleExceptions->handleError()
#1 /home/victor1val/php-laravel-docker/vendor/laravel/framework/src/Illuminate/Routing/RouteFileRegistrar.php(35): Illuminate\\Foundation\\Bootstrap\\HandleExceptions->Illuminate\\Foundation\\Bootstrap\\{closure}()
#2 /home/victor1val/php-laravel-docker/vendor/laravel/framework/src/Illuminate/Routing/RouteFileRegistrar.php(35): require('...')
#3 /home/victor1val/php-laravel-docker/vendor/laravel/framework/src/Illuminate/Routing/Router.php(511): Illuminate\\Routing\\RouteFileRegistrar->register()
#4 /home/victor1val/php-laravel-docker/vendor/laravel/framework/src/Illuminate/Routing/Router.php(465): Illuminate\\Routing\\Router->loadRoutes()
#5 /home/victor1val/php-laravel-docker/vendor/laravel/framework/src/Illuminate/Routing/RouteRegistrar.php(194): Illuminate\\Routing\\Router->group()
#6 /home/victor1val/php-laravel-docker/app/Providers/RouteServiceProvider.php(71): Illuminate\\Routing\\RouteRegistrar->group()
#7 /home/victor1val/php-laravel-docker/app/Providers/RouteServiceProvider.php(38): App\\Providers\\RouteServiceProvider->mapApiRoutes()
#8 /home/victor1val/php-laravel-docker/vendor/laravel/framework/src/Illuminate/Container/BoundMethod.php(36): App\\Providers\\RouteServiceProvider->map()
#9 /home/victor1val/php-laravel-docker/vendor/laravel/framework/src/Illuminate/Container/Util.php(41): Illuminate\\Container\\BoundMethod::Illuminate\\Container\\{closure}()
#10 /home/victor1val/php-laravel-docker/vendor/laravel/framework/src/Illuminate/Container/BoundMethod.php(93): Illuminate\\Container\\Util::unwrapIfClosure()
#11 /home/victor1val/php-laravel-docker/vendor/laravel/framework/src/Illuminate/Container/BoundMethod.php(37): Illuminate\\Container\\BoundMethod::callBoundMethod()
#12 /home/victor1val/php-laravel-docker/vendor/laravel/framework/src/Illuminate/Container/Container.php(662): Illuminate\\Container\\BoundMethod::call()
#13 /home/victor1val/php-laravel-docker/vendor/laravel/framework/src/Illuminate/Foundation/Support/Providers/RouteServiceProvider.php(122): Illuminate\\Container\\Container->call()
#14 /home/victor1val/php-laravel-docker/vendor/laravel/framework/src/Illuminate/Foundation/Support/Providers/RouteServiceProvider.php(45): Illuminate\\Foundation\\Support\\Providers\\RouteServiceProvider->loadRoutes()
#15 /home/victor1val/php-laravel-docker/vendor/laravel/framework/src/Illuminate/Container/BoundMethod.php(36): Illuminate\\Foundation\\Support\\Providers\\RouteServiceProvider->Illuminate\\Foundation\\Support\\Providers\\{closure}()
#16 /home/victor1val/php-laravel-docker/vendor/laravel/framework/src/Illuminate/Container/Util.php(41): Illuminate\\Container\\BoundMethod::Illuminate\\Container\\{closure}()
#17 /home/victor1val/php-laravel-docker/vendor/laravel/framework/src/Illuminate/Container/BoundMethod.php(81): Illuminate\\Container\\Util::unwrapIfClosure()
#18 /home/victor1val/php-laravel-docker/vendor/laravel/framework/src/Illuminate/Container/BoundMethod.php(37): Illuminate\\Container\\BoundMethod::callBoundMethod()
#19 /home/victor1val/php-laravel-docker/vendor/laravel/framework/src/Illuminate/Container/Container.php(662): Illuminate\\Container\\BoundMethod::call()
#20 /home/victor1val/php-laravel-docker/vendor/laravel/framework/src/Illuminate/Support/ServiceProvider.php(119): Illuminate\\Container\\Container->call()
#21 /home/victor1val/php-laravel-docker/vendor/laravel/framework/src/Illuminate/Foundation/Application.php(1037): Illuminate\\Support\\ServiceProvider->callBootedCallbacks()
#22 /home/victor1val/php-laravel-docker/vendor/laravel/framework/src/Illuminate/Foundation/Application.php(1015): Illuminate\\Foundation\\Application->bootProvider()
#23 [internal function]: Illuminate\\Foundation\\Application->Illuminate\\Foundation\\{closure}()
#24 /home/victor1val/php-laravel-docker/vendor/laravel/framework/src/Illuminate/Foundation/Application.php(1016): array_walk()
#25 /home/victor1val/php-laravel-docker/vendor/laravel/framework/src/Illuminate/Foundation/Bootstrap/BootProviders.php(17): Illuminate\\Foundation\\Application->boot()
#26 /home/victor1val/php-laravel-docker/vendor/laravel/framework/src/Illuminate/Foundation/Application.php(263): Illuminate\\Foundation\\Bootstrap\\BootProviders->bootstrap()
#27 /home/victor1val/php-laravel-docker/vendor/laravel/framework/src/Illuminate/Foundation/Console/Kernel.php(447): Illuminate\\Foundation\\Application->bootstrapWith()
#28 /home/victor1val/php-laravel-docker/vendor/laravel/framework/src/Illuminate/Foundation/Console/Kernel.php(199): Illuminate\\Foundation\\Console\\Kernel->bootstrap()
#29 /home/victor1val/php-laravel-docker/artisan(37): Illuminate\\Foundation\\Console\\Kernel->handle()
#30 {main}
"} 
[2024-06-20 18:53:38] production.ERROR: require(/home/victor1val/php-laravel-docker/routes/api.php): Failed to open stream: No such file or directory {"exception":"[object] (ErrorException(code: 0): require(/home/victor1val/php-laravel-docker/routes/api.php): Failed to open stream: No such file or directory at /home/victor1val/php-laravel-docker/vendor/laravel/framework/src/Illuminate/Routing/RouteFileRegistrar.php:35)
[stacktrace]
#0 /home/victor1val/php-laravel-docker/vendor/laravel/framework/src/Illuminate/Foundation/Bootstrap/HandleExceptions.php(255): Illuminate\\Foundation\\Bootstrap\\HandleExceptions->handleError()
#1 /home/victor1val/php-laravel-docker/vendor/laravel/framework/src/Illuminate/Routing/RouteFileRegistrar.php(35): Illuminate\\Foundation\\Bootstrap\\HandleExceptions->Illuminate\\Foundation\\Bootstrap\\{closure}()
#2 /home/victor1val/php-laravel-docker/vendor/laravel/framework/src/Illuminate/Routing/RouteFileRegistrar.php(35): require('...')
#3 /home/victor1val/php-laravel-docker/vendor/laravel/framework/src/Illuminate/Routing/Router.php(511): Illuminate\\Routing\\RouteFileRegistrar->register()
#4 /home/victor1val/php-laravel-docker/vendor/laravel/framework/src/Illuminate/Routing/Router.php(465): Illuminate\\Routing\\Router->loadRoutes()
#5 /home/victor1val/php-laravel-docker/vendor/laravel/framework/src/Illuminate/Routing/RouteRegistrar.php(194): Illuminate\\Routing\\Router->group()
#6 /home/victor1val/php-laravel-docker/app/Providers/RouteServiceProvider.php(71): Illuminate\\Routing\\RouteRegistrar->group()
#7 /home/victor1val/php-laravel-docker/app/Providers/RouteServiceProvider.php(38): App\\Providers\\RouteServiceProvider->mapApiRoutes()
#8 /home/victor1val/php-laravel-docker/vendor/laravel/framework/src/Illuminate/Container/BoundMethod.php(36): App\\Providers\\RouteServiceProvider->map()
#9 /home/victor1val/php-laravel-docker/vendor/laravel/framework/src/Illuminate/Container/Util.php(41): Illuminate\\Container\\BoundMethod::Illuminate\\Container\\{closure}()
#10 /home/victor1val/php-laravel-docker/vendor/laravel/framework/src/Illuminate/Container/BoundMethod.php(93): Illuminate\\Container\\Util::unwrapIfClosure()
#11 /home/victor1val/php-laravel-docker/vendor/laravel/framework/src/Illuminate/Container/BoundMethod.php(37): Illuminate\\Container\\BoundMethod::callBoundMethod()
#12 /home/victor1val/php-laravel-docker/vendor/laravel/framework/src/Illuminate/Container/Container.php(662): Illuminate\\Container\\BoundMethod::call()
#13 /home/victor1val/php-laravel-docker/vendor/laravel/framework/src/Illuminate/Foundation/Support/Providers/RouteServiceProvider.php(122): Illuminate\\Container\\Container->call()
#14 /home/victor1val/php-laravel-docker/vendor/laravel/framework/src/Illuminate/Foundation/Support/Providers/RouteServiceProvider.php(45): Illuminate\\Foundation\\Support\\Providers\\RouteServiceProvider->loadRoutes()
#15 /home/victor1val/php-laravel-docker/vendor/laravel/framework/src/Illuminate/Container/BoundMethod.php(36): Illuminate\\Foundation\\Support\\Providers\\RouteServiceProvider->Illuminate\\Foundation\\Support\\Providers\\{closure}()
#16 /home/victor1val/php-laravel-docker/vendor/laravel/framework/src/Illuminate/Container/Util.php(41): Illuminate\\Container\\BoundMethod::Illuminate\\Container\\{closure}()
#17 /home/victor1val/php-laravel-docker/vendor/laravel/framework/src/Illuminate/Container/BoundMethod.php(81): Illuminate\\Container\\Util::unwrapIfClosure()
#18 /home/victor1val/php-laravel-docker/vendor/laravel/framework/src/Illuminate/Container/BoundMethod.php(37): Illuminate\\Container\\BoundMethod::callBoundMethod()
#19 /home/victor1val/php-laravel-docker/vendor/laravel/framework/src/Illuminate/Container/Container.php(662): Illuminate\\Container\\BoundMethod::call()
#20 /home/victor1val/php-laravel-docker/vendor/laravel/framework/src/Illuminate/Support/ServiceProvider.php(119): Illuminate\\Container\\Container->call()
#21 /home/victor1val/php-laravel-docker/vendor/laravel/framework/src/Illuminate/Foundation/Application.php(1037): Illuminate\\Support\\ServiceProvider->callBootedCallbacks()
#22 /home/victor1val/php-laravel-docker/vendor/laravel/framework/src/Illuminate/Foundation/Application.php(1015): Illuminate\\Foundation\\Application->bootProvider()
#23 [internal function]: Illuminate\\Foundation\\Application->Illuminate\\Foundation\\{closure}()
#24 /home/victor1val/php-laravel-docker/vendor/laravel/framework/src/Illuminate/Foundation/Application.php(1016): array_walk()
#25 /home/victor1val/php-laravel-docker/vendor/laravel/framework/src/Illuminate/Foundation/Bootstrap/BootProviders.php(17): Illuminate\\Foundation\\Application->boot()
#26 /home/victor1val/php-laravel-docker/vendor/laravel/framework/src/Illuminate/Foundation/Application.php(263): Illuminate\\Foundation\\Bootstrap\\BootProviders->bootstrap()
#27 /home/victor1val/php-laravel-docker/vendor/laravel/framework/src/Illuminate/Foundation/Console/Kernel.php(447): Illuminate\\Foundation\\Application->bootstrapWith()
#28 /home/victor1val/php-laravel-docker/vendor/laravel/framework/src/Illuminate/Foundation/Console/Kernel.php(199): Illuminate\\Foundation\\Console\\Kernel->bootstrap()
#29 /home/victor1val/php-laravel-docker/artisan(37): Illuminate\\Foundation\\Console\\Kernel->handle()
#30 {main}
"} 
